Copyright 1986-2017 Xilinx, Inc. All Rights Reserved.
--------------------------------------------------------------------------------------------------------------------------------------------------------------------------------
| Tool Version : Vivado v.2017.3 (win64) Build 2018833 Wed Oct  4 19:58:22 MDT 2017
| Date         : Thu Dec  7 14:44:20 2017
| Host         : DESKTOP-RJ2BKFQ running 64-bit major release  (build 9200)
| Command      : report_methodology -file basys3_wrapper_methodology_drc_routed.rpt -pb basys3_wrapper_methodology_drc_routed.pb -rpx basys3_wrapper_methodology_drc_routed.rpx
| Design       : basys3_wrapper
| Device       : xc7a35tcpg236-1
| Speed File   : -1
| Design State : Routed
--------------------------------------------------------------------------------------------------------------------------------------------------------------------------------

Report Methodology

Table of Contents
-----------------
1. REPORT SUMMARY
2. REPORT DETAILS

1. REPORT SUMMARY
-----------------
            Netlist: netlist
          Floorplan: design_1
      Design limits: <entire design considered>
             Max violations: <unlimited>
             Violations found: 69
+-----------+----------+-------------------------------+------------+
| Rule      | Severity | Description                   | Violations |
+-----------+----------+-------------------------------+------------+
| SYNTH-10  | Warning  | Wide multiplier               | 1          |
| TIMING-17 | Warning  | Non-clocked sequential cell   | 67         |
| TIMING-18 | Warning  | Missing input or output delay | 1          |
+-----------+----------+-------------------------------+------------+

2. REPORT DETAILS
-----------------
SYNTH-10#1 Warning
Wide multiplier  
Detected multiplier at processor_31L/DP/dp_alu/ALUResult0 of size 18x18, it is decomposed from a wide multipler into 16 DSP blocks.
Related violations: <none>

TIMING-17#1 Warning
Non-clocked sequential cell  
The clock pin processor_31L/DP/flipflop/q_reg[2]/C is not reached by a timing clock
Related violations: <none>

TIMING-17#2 Warning
Non-clocked sequential cell  
The clock pin processor_31L/DP/flipflop/q_reg[3]/C is not reached by a timing clock
Related violations: <none>

TIMING-17#3 Warning
Non-clocked sequential cell  
The clock pin processor_31L/DP/flipflop/q_reg[4]/C is not reached by a timing clock
Related violations: <none>

TIMING-17#4 Warning
Non-clocked sequential cell  
The clock pin processor_31L/DP/flipflop/q_reg[5]/C is not reached by a timing clock
Related violations: <none>

TIMING-17#5 Warning
Non-clocked sequential cell  
The clock pin processor_31L/DP/flipflop/q_reg[6]/C is not reached by a timing clock
Related violations: <none>

TIMING-17#6 Warning
Non-clocked sequential cell  
The clock pin processor_31L/DP/flipflop/q_reg[7]/C is not reached by a timing clock
Related violations: <none>

TIMING-17#7 Warning
Non-clocked sequential cell  
The clock pin processor_31L/DP/flipflop/q_reg[8]/C is not reached by a timing clock
Related violations: <none>

TIMING-17#8 Warning
Non-clocked sequential cell  
The clock pin processor_31L/DP/init_reg[2]/C is not reached by a timing clock
Related violations: <none>

TIMING-17#9 Warning
Non-clocked sequential cell  
The clock pin processor_31L/DP/init_reg[3]/C is not reached by a timing clock
Related violations: <none>

TIMING-17#10 Warning
Non-clocked sequential cell  
The clock pin processor_31L/DP/init_reg[4]/C is not reached by a timing clock
Related violations: <none>

TIMING-17#11 Warning
Non-clocked sequential cell  
The clock pin processor_31L/DP/init_reg[5]/C is not reached by a timing clock
Related violations: <none>

TIMING-17#12 Warning
Non-clocked sequential cell  
The clock pin processor_31L/DP/init_reg[6]/C is not reached by a timing clock
Related violations: <none>

TIMING-17#13 Warning
Non-clocked sequential cell  
The clock pin processor_31L/DP/init_reg[7]/C is not reached by a timing clock
Related violations: <none>

TIMING-17#14 Warning
Non-clocked sequential cell  
The clock pin processor_31L/DP/init_reg[8]/C is not reached by a timing clock
Related violations: <none>

TIMING-17#15 Warning
Non-clocked sequential cell  
The clock pin processor_31L/DP/rf/reg_file_reg[0][0]/C is not reached by a timing clock
Related violations: <none>

TIMING-17#16 Warning
Non-clocked sequential cell  
The clock pin processor_31L/DP/rf/reg_file_reg[0][10]/C is not reached by a timing clock
Related violations: <none>

TIMING-17#17 Warning
Non-clocked sequential cell  
The clock pin processor_31L/DP/rf/reg_file_reg[0][11]/C is not reached by a timing clock
Related violations: <none>

TIMING-17#18 Warning
Non-clocked sequential cell  
The clock pin processor_31L/DP/rf/reg_file_reg[0][12]/C is not reached by a timing clock
Related violations: <none>

TIMING-17#19 Warning
Non-clocked sequential cell  
The clock pin processor_31L/DP/rf/reg_file_reg[0][13]/C is not reached by a timing clock
Related violations: <none>

TIMING-17#20 Warning
Non-clocked sequential cell  
The clock pin processor_31L/DP/rf/reg_file_reg[0][14]/C is not reached by a timing clock
Related violations: <none>

TIMING-17#21 Warning
Non-clocked sequential cell  
The clock pin processor_31L/DP/rf/reg_file_reg[0][15]/C is not reached by a timing clock
Related violations: <none>

TIMING-17#22 Warning
Non-clocked sequential cell  
The clock pin processor_31L/DP/rf/reg_file_reg[0][16]/C is not reached by a timing clock
Related violations: <none>

TIMING-17#23 Warning
Non-clocked sequential cell  
The clock pin processor_31L/DP/rf/reg_file_reg[0][1]/C is not reached by a timing clock
Related violations: <none>

TIMING-17#24 Warning
Non-clocked sequential cell  
The clock pin processor_31L/DP/rf/reg_file_reg[0][2]/C is not reached by a timing clock
Related violations: <none>

TIMING-17#25 Warning
Non-clocked sequential cell  
The clock pin processor_31L/DP/rf/reg_file_reg[0][3]/C is not reached by a timing clock
Related violations: <none>

TIMING-17#26 Warning
Non-clocked sequential cell  
The clock pin processor_31L/DP/rf/reg_file_reg[0][4]/C is not reached by a timing clock
Related violations: <none>

TIMING-17#27 Warning
Non-clocked sequential cell  
The clock pin processor_31L/DP/rf/reg_file_reg[0][5]/C is not reached by a timing clock
Related violations: <none>

TIMING-17#28 Warning
Non-clocked sequential cell  
The clock pin processor_31L/DP/rf/reg_file_reg[0][6]/C is not reached by a timing clock
Related violations: <none>

TIMING-17#29 Warning
Non-clocked sequential cell  
The clock pin processor_31L/DP/rf/reg_file_reg[0][7]/C is not reached by a timing clock
Related violations: <none>

TIMING-17#30 Warning
Non-clocked sequential cell  
The clock pin processor_31L/DP/rf/reg_file_reg[0][8]/C is not reached by a timing clock
Related violations: <none>

TIMING-17#31 Warning
Non-clocked sequential cell  
The clock pin processor_31L/DP/rf/reg_file_reg[0][9]/C is not reached by a timing clock
Related violations: <none>

TIMING-17#32 Warning
Non-clocked sequential cell  
The clock pin processor_31L/DP/rf/reg_file_reg[1][0]/C is not reached by a timing clock
Related violations: <none>

TIMING-17#33 Warning
Non-clocked sequential cell  
The clock pin processor_31L/DP/rf/reg_file_reg[1][10]/C is not reached by a timing clock
Related violations: <none>

TIMING-17#34 Warning
Non-clocked sequential cell  
The clock pin processor_31L/DP/rf/reg_file_reg[1][11]/C is not reached by a timing clock
Related violations: <none>

TIMING-17#35 Warning
Non-clocked sequential cell  
The clock pin processor_31L/DP/rf/reg_file_reg[1][12]/C is not reached by a timing clock
Related violations: <none>

TIMING-17#36 Warning
Non-clocked sequential cell  
The clock pin processor_31L/DP/rf/reg_file_reg[1][13]/C is not reached by a timing clock
Related violations: <none>

TIMING-17#37 Warning
Non-clocked sequential cell  
The clock pin processor_31L/DP/rf/reg_file_reg[1][14]/C is not reached by a timing clock
Related violations: <none>

TIMING-17#38 Warning
Non-clocked sequential cell  
The clock pin processor_31L/DP/rf/reg_file_reg[1][15]/C is not reached by a timing clock
Related violations: <none>

TIMING-17#39 Warning
Non-clocked sequential cell  
The clock pin processor_31L/DP/rf/reg_file_reg[1][16]/C is not reached by a timing clock
Related violations: <none>

TIMING-17#40 Warning
Non-clocked sequential cell  
The clock pin processor_31L/DP/rf/reg_file_reg[1][1]/C is not reached by a timing clock
Related violations: <none>

TIMING-17#41 Warning
Non-clocked sequential cell  
The clock pin processor_31L/DP/rf/reg_file_reg[1][2]/C is not reached by a timing clock
Related violations: <none>

TIMING-17#42 Warning
Non-clocked sequential cell  
The clock pin processor_31L/DP/rf/reg_file_reg[1][3]/C is not reached by a timing clock
Related violations: <none>

TIMING-17#43 Warning
Non-clocked sequential cell  
The clock pin processor_31L/DP/rf/reg_file_reg[1][4]/C is not reached by a timing clock
Related violations: <none>

TIMING-17#44 Warning
Non-clocked sequential cell  
The clock pin processor_31L/DP/rf/reg_file_reg[1][5]/C is not reached by a timing clock
Related violations: <none>

TIMING-17#45 Warning
Non-clocked sequential cell  
The clock pin processor_31L/DP/rf/reg_file_reg[1][6]/C is not reached by a timing clock
Related violations: <none>

TIMING-17#46 Warning
Non-clocked sequential cell  
The clock pin processor_31L/DP/rf/reg_file_reg[1][7]/C is not reached by a timing clock
Related violations: <none>

TIMING-17#47 Warning
Non-clocked sequential cell  
The clock pin processor_31L/DP/rf/reg_file_reg[1][8]/C is not reached by a timing clock
Related violations: <none>

TIMING-17#48 Warning
Non-clocked sequential cell  
The clock pin processor_31L/DP/rf/reg_file_reg[1][9]/C is not reached by a timing clock
Related violations: <none>

TIMING-17#49 Warning
Non-clocked sequential cell  
The clock pin processor_31L/DP/rf/reg_file_reg[2][0]/C is not reached by a timing clock
Related violations: <none>

TIMING-17#50 Warning
Non-clocked sequential cell  
The clock pin processor_31L/DP/rf/reg_file_reg[2][10]/C is not reached by a timing clock
Related violations: <none>

TIMING-17#51 Warning
Non-clocked sequential cell  
The clock pin processor_31L/DP/rf/reg_file_reg[2][11]/C is not reached by a timing clock
Related violations: <none>

TIMING-17#52 Warning
Non-clocked sequential cell  
The clock pin processor_31L/DP/rf/reg_file_reg[2][12]/C is not reached by a timing clock
Related violations: <none>

TIMING-17#53 Warning
Non-clocked sequential cell  
The clock pin processor_31L/DP/rf/reg_file_reg[2][13]/C is not reached by a timing clock
Related violations: <none>

TIMING-17#54 Warning
Non-clocked sequential cell  
The clock pin processor_31L/DP/rf/reg_file_reg[2][14]/C is not reached by a timing clock
Related violations: <none>

TIMING-17#55 Warning
Non-clocked sequential cell  
The clock pin processor_31L/DP/rf/reg_file_reg[2][15]/C is not reached by a timing clock
Related violations: <none>

TIMING-17#56 Warning
Non-clocked sequential cell  
The clock pin processor_31L/DP/rf/reg_file_reg[2][16]/C is not reached by a timing clock
Related violations: <none>

TIMING-17#57 Warning
Non-clocked sequential cell  
The clock pin processor_31L/DP/rf/reg_file_reg[2][1]/C is not reached by a timing clock
Related violations: <none>

TIMING-17#58 Warning
Non-clocked sequential cell  
The clock pin processor_31L/DP/rf/reg_file_reg[2][2]/C is not reached by a timing clock
Related violations: <none>

TIMING-17#59 Warning
Non-clocked sequential cell  
The clock pin processor_31L/DP/rf/reg_file_reg[2][3]/C is not reached by a timing clock
Related violations: <none>

TIMING-17#60 Warning
Non-clocked sequential cell  
The clock pin processor_31L/DP/rf/reg_file_reg[2][4]/C is not reached by a timing clock
Related violations: <none>

TIMING-17#61 Warning
Non-clocked sequential cell  
The clock pin processor_31L/DP/rf/reg_file_reg[2][5]/C is not reached by a timing clock
Related violations: <none>

TIMING-17#62 Warning
Non-clocked sequential cell  
The clock pin processor_31L/DP/rf/reg_file_reg[2][6]/C is not reached by a timing clock
Related violations: <none>

TIMING-17#63 Warning
Non-clocked sequential cell  
The clock pin processor_31L/DP/rf/reg_file_reg[2][7]/C is not reached by a timing clock
Related violations: <none>

TIMING-17#64 Warning
Non-clocked sequential cell  
The clock pin processor_31L/DP/rf/reg_file_reg[2][8]/C is not reached by a timing clock
Related violations: <none>

TIMING-17#65 Warning
Non-clocked sequential cell  
The clock pin processor_31L/DP/rf/reg_file_reg[2][9]/C is not reached by a timing clock
Related violations: <none>

TIMING-17#66 Warning
Non-clocked sequential cell  
The clock pin seg_display0/seg_choose_reg[0]/C is not reached by a timing clock
Related violations: <none>

TIMING-17#67 Warning
Non-clocked sequential cell  
The clock pin seg_display0/seg_choose_reg[1]/C is not reached by a timing clock
Related violations: <none>

TIMING-18#1 Warning
Missing input or output delay  
An input delay is missing on btnR relative to clock(s) sys_clk_pin
Related violations: <none>


