#-----------------------------------------------------------
# Vivado v2017.2 (64-bit)
# SW Build 1909853 on Thu Jun 15 18:39:09 MDT 2017
# IP Build 1909766 on Thu Jun 15 19:58:00 MDT 2017
# Start of session at: Tue Dec  5 09:04:20 2017
# Process ID: 1472
# Current directory: C:/Users/jerry/OneDrive/EECS 31L/FInal/RISCV_1
# Command line: vivado.exe -gui_launcher_event rodinguilauncherevent15760 C:\Users\jerry\OneDrive\EECS 31L\FInal\RISCV_1\RISCV_1.xpr
# Log file: C:/Users/jerry/OneDrive/EECS 31L/FInal/RISCV_1/vivado.log
# Journal file: C:/Users/jerry/OneDrive/EECS 31L/FInal/RISCV_1\vivado.jou
#-----------------------------------------------------------
start_gui
open_project {C:/Users/jerry/OneDrive/EECS 31L/FInal/RISCV_1/RISCV_1.xpr}
Scanning sources...
Finished scanning sources
ERROR: [Common 17-70] Application Exception: non-unique attr Db Id
INFO: [Common 17-206] Exiting Vivado at Tue Dec  5 09:04:42 2017...
.xpr}
Scanning sources...
Finished scanning sources
ERROR: [Common 17-70] Application Exception: non-unique attr Db Id
open_project {C:/Users/jerry/OneDrive/EECS 31L/FInal/RISCV_1/RISCV_1.xpr}
Scanning sources...
Finished scanning sources
ERROR: [Common 17-70] Application Exception: non-unique attr Db Id
exit
INFO: [Common 17-206] Exiting Vivado at Tue Dec  5 09:04:44 2017...
