Exception at PC 0x00007FFD3E663FB8
Exception at PC 0x00007FFD3E663FB8
Exception at PC 0x00007FFD3E663FB8
Exception at PC 0x00007FFD3E663FB8
Exception at PC 0x00007FFCC7F8E132
Attemped to write at address 0x00007FFD0DF04AA4
Printing stacktrace...

[0]  [0x00007FFCC7F8E132]
[1]  [0x00007FFCC7F8E132]
[2]  [0x00007FFCC7F8E194]
[3]  [0x00007FFCC7BDD0D7]
[4]  [0x00007FFCC7AC2BCA]
[5]  [0x00007FFCC7AC2FD1]
[6]  [0x00007FFCC7F8EB2F]
[7]  [0x00007FFCC7E4C19D]
[8]  [0x00007FFCC7E45942]
[9]  [0x00007FFCC7E45AB5]
[10] (RtlDeactivateActivationContextUnsafeFast+0x1b3) [0x00007FFD41421473]
[11] (LdrShutdownProcess+0x125) [0x00007FFD41450695]
[12] (RtlExitUserProcess+0xb4) [0x00007FFD41450554]
[13] (ExitProcess+0xa) [0x00007FFD3EB0F06A]
[14] (exit+0x75) [0x00007FFD407A9B25]
[15] (initterm_e+0x21d) [0x00007FFD407AA16D]
[16]  [0x00000000004014CD]
[17]  [0x000000000040151B]
[18] (BaseThreadInitThunk+0x14) [0x00007FFD3EB11FE4]
[19] (RtlUserThreadStart+0x21) [0x00007FFD4147EF91]
Done
