Copyright 1986-2017 Xilinx, Inc. All Rights Reserved.
------------------------------------------------------------------------------------
| Tool Version : Vivado v.2017.3 (win64) Build 2018833 Wed Oct  4 19:58:22 MDT 2017
| Date         : Thu Dec  7 23:08:09 2017
| Host         : DESKTOP-RJ2BKFQ running 64-bit major release  (build 9200)
| Command      : report_timing_summary -file mytiming.rpt
| Design       : basys3_wrapper
| Device       : 7a35t-cpg236
| Speed File   : -1  PRODUCTION 1.19 2017-08-11
------------------------------------------------------------------------------------

Timing Summary Report

------------------------------------------------------------------------------------------------
| Timer Settings
| --------------
------------------------------------------------------------------------------------------------

  Enable Multi Corner Analysis               :  Yes
  Enable Pessimism Removal                   :  Yes
  Pessimism Removal Resolution               :  Nearest Common Node
  Enable Input Delay Default Clock           :  No
  Enable Preset / Clear Arcs                 :  No
  Disable Flight Delays                      :  No
  Ignore I/O Paths                           :  No
  Timing Early Launch at Borrowing Latches   :  false

  Corner  Analyze    Analyze    
  Name    Max Paths  Min Paths  
  ------  ---------  ---------  
  Slow    Yes        Yes        
  Fast    Yes        Yes        



check_timing report

Table of Contents
-----------------
1. checking no_clock
2. checking constant_clock
3. checking pulse_width_clock
4. checking unconstrained_internal_endpoints
5. checking no_input_delay
6. checking no_output_delay
7. checking multiple_clock
8. checking generated_clocks
9. checking loops
10. checking partial_input_delay
11. checking partial_output_delay
12. checking latch_loops

1. checking no_clock
--------------------
 There are 2 register/latch pins with no clock driven by root clock pin: clk_divide_reg[15]/Q (HIGH)

 There are 526 register/latch pins with no clock driven by root clock pin: clk_divide_reg[26]/Q (HIGH)

 There are 1024 register/latch pins with no clock driven by root clock pin: processor_31L/DP/dp_alu/ALUResult_reg[0]_rep/Q (HIGH)

 There are 1024 register/latch pins with no clock driven by root clock pin: processor_31L/DP/dp_alu/ALUResult_reg[1]_rep/Q (HIGH)

 There are 1024 register/latch pins with no clock driven by root clock pin: processor_31L/DP/dp_alu/ALUResult_reg[2]/Q (HIGH)

 There are 1024 register/latch pins with no clock driven by root clock pin: processor_31L/DP/dp_alu/ALUResult_reg[3]/Q (HIGH)

 There are 1024 register/latch pins with no clock driven by root clock pin: processor_31L/DP/dp_alu/ALUResult_reg[4]/Q (HIGH)

 There are 1024 register/latch pins with no clock driven by root clock pin: processor_31L/DP/dp_alu/ALUResult_reg[5]/Q (HIGH)

 There are 1024 register/latch pins with no clock driven by root clock pin: processor_31L/DP/dp_alu/ALUResult_reg[6]/Q (HIGH)

 There are 1024 register/latch pins with no clock driven by root clock pin: processor_31L/DP/dp_alu/ALUResult_reg[7]/Q (HIGH)

 There are 1024 register/latch pins with no clock driven by root clock pin: processor_31L/DP/dp_alu/ALUResult_reg[8]/Q (HIGH)

 There are 1063 register/latch pins with no clock driven by root clock pin: processor_31L/DP/flipflop/q_reg[2]/Q (HIGH)

 There are 1063 register/latch pins with no clock driven by root clock pin: processor_31L/DP/flipflop/q_reg[3]/Q (HIGH)

 There are 1063 register/latch pins with no clock driven by root clock pin: processor_31L/DP/flipflop/q_reg[4]/Q (HIGH)

 There are 1063 register/latch pins with no clock driven by root clock pin: processor_31L/DP/flipflop/q_reg[5]/Q (HIGH)

 There are 1063 register/latch pins with no clock driven by root clock pin: processor_31L/DP/flipflop/q_reg[6]/Q (HIGH)

 There are 1063 register/latch pins with no clock driven by root clock pin: processor_31L/DP/flipflop/q_reg[7]/Q (HIGH)

 There are 1063 register/latch pins with no clock driven by root clock pin: processor_31L/DP/flipflop/q_reg[8]/Q (HIGH)


2. checking constant_clock
--------------------------
 There are 0 register/latch pins with constant_clock.


3. checking pulse_width_clock
-----------------------------
 There are 0 register/latch pins which need pulse_width check


4. checking unconstrained_internal_endpoints
--------------------------------------------
 There are 2631 pins that are not constrained for maximum delay. (HIGH)

 There are 0 pins that are not constrained for maximum delay due to constant clock.


5. checking no_input_delay
--------------------------
 There is 1 input port with no input delay specified. (HIGH)

 There are 0 input ports with no input delay but user has a false path constraint.


6. checking no_output_delay
---------------------------
 There are 11 ports with no output delay specified. (HIGH)

 There are 0 ports with no output delay but user has a false path constraint

 There are 0 ports with no output delay but with a timing clock defined on it or propagating through it


7. checking multiple_clock
--------------------------
 There are 0 register/latch pins with multiple clocks.


8. checking generated_clocks
----------------------------
 There are 0 generated clocks that are not connected to a clock source.


9. checking loops
-----------------
 There are 0 combinational loops in the design.


10. checking partial_input_delay
--------------------------------
 There are 0 input ports with partial input delay specified.


11. checking partial_output_delay
---------------------------------
 There are 0 ports with partial output delay specified.


12. checking latch_loops
------------------------
 There are 0 combinational latch loops in the design through latch input



------------------------------------------------------------------------------------------------
| Design Timing Summary
| ---------------------
------------------------------------------------------------------------------------------------

    WNS(ns)      TNS(ns)  TNS Failing Endpoints  TNS Total Endpoints      WHS(ns)      THS(ns)  THS Failing Endpoints  THS Total Endpoints     WPWS(ns)     TPWS(ns)  TPWS Failing Endpoints  TPWS Total Endpoints  
    -------      -------  ---------------------  -------------------      -------      -------  ---------------------  -------------------     --------     --------  ----------------------  --------------------  
      6.986        0.000                      0                   27        0.113        0.000                      0                   27        4.500        0.000                       0                    28  


All user specified timing constraints are met.


------------------------------------------------------------------------------------------------
| Clock Summary
| -------------
------------------------------------------------------------------------------------------------

Clock        Waveform(ns)       Period(ns)      Frequency(MHz)
-----        ------------       ----------      --------------
sys_clk_pin  {0.000 5.000}      10.000          100.000         


------------------------------------------------------------------------------------------------
| Intra Clock Table
| -----------------
------------------------------------------------------------------------------------------------

Clock             WNS(ns)      TNS(ns)  TNS Failing Endpoints  TNS Total Endpoints      WHS(ns)      THS(ns)  THS Failing Endpoints  THS Total Endpoints     WPWS(ns)     TPWS(ns)  TPWS Failing Endpoints  TPWS Total Endpoints  
-----             -------      -------  ---------------------  -------------------      -------      -------  ---------------------  -------------------     --------     --------  ----------------------  --------------------  
sys_clk_pin         6.986        0.000                      0                   27        0.113        0.000                      0                   27        4.500        0.000                       0                    28  


------------------------------------------------------------------------------------------------
| Inter Clock Table
| -----------------
------------------------------------------------------------------------------------------------

From Clock    To Clock          WNS(ns)      TNS(ns)  TNS Failing Endpoints  TNS Total Endpoints      WHS(ns)      THS(ns)  THS Failing Endpoints  THS Total Endpoints  
----------    --------          -------      -------  ---------------------  -------------------      -------      -------  ---------------------  -------------------  


------------------------------------------------------------------------------------------------
| Other Path Groups Table
| -----------------------
------------------------------------------------------------------------------------------------

Path Group    From Clock    To Clock          WNS(ns)      TNS(ns)  TNS Failing Endpoints  TNS Total Endpoints      WHS(ns)      THS(ns)  THS Failing Endpoints  THS Total Endpoints  
----------    ----------    --------          -------      -------  ---------------------  -------------------      -------      -------  ---------------------  -------------------  


------------------------------------------------------------------------------------------------
| Timing Details
| --------------
------------------------------------------------------------------------------------------------


---------------------------------------------------------------------------------------------------
From Clock:  sys_clk_pin
  To Clock:  sys_clk_pin

Setup :            0  Failing Endpoints,  Worst Slack        6.986ns,  Total Violation        0.000ns
Hold  :            0  Failing Endpoints,  Worst Slack        0.113ns,  Total Violation        0.000ns
PW    :            0  Failing Endpoints,  Worst Slack        4.500ns,  Total Violation        0.000ns
---------------------------------------------------------------------------------------------------


Max Delay Paths
--------------------------------------------------------------------------------------
Slack (MET) :             6.986ns  (required time - arrival time)
  Source:                 clk_divide_reg[1]/C
                            (rising edge-triggered cell FDRE clocked by sys_clk_pin  {rise@0.000ns fall@5.000ns period=10.000ns})
  Destination:            clk_divide_reg[25]/D
                            (rising edge-triggered cell FDRE clocked by sys_clk_pin  {rise@0.000ns fall@5.000ns period=10.000ns})
  Path Group:             sys_clk_pin
  Path Type:              Setup (Max at Slow Process Corner)
  Requirement:            10.000ns  (sys_clk_pin rise@10.000ns - sys_clk_pin rise@0.000ns)
  Data Path Delay:        2.896ns  (logic 2.048ns (70.718%)  route 0.848ns (29.282%))
  Logic Levels:           7  (CARRY4=7)
  Clock Path Skew:        -0.145ns (DCD - SCD + CPR)
    Destination Clock Delay (DCD):    2.678ns = ( 12.678 - 10.000 ) 
    Source Clock Delay      (SCD):    2.938ns
    Clock Pessimism Removal (CPR):    0.115ns
  Clock Uncertainty:      0.035ns  ((TSJ^2 + TIJ^2)^1/2 + DJ) / 2 + PE
    Total System Jitter     (TSJ):    0.071ns
    Total Input Jitter      (TIJ):    0.000ns
    Discrete Jitter          (DJ):    0.000ns
    Phase Error              (PE):    0.000ns

    Location             Delay type                Incr(ns)  Path(ns)    Netlist Resource(s)
  -------------------------------------------------------------------    -------------------
                         (clock sys_clk_pin rise edge)
                                                      0.000     0.000 r  
    W5                                                0.000     0.000 r  clk (IN)
                         net (fo=0)                   0.000     0.000    clk
    W5                   IBUF (Prop_ibuf_I_O)         1.458     1.458 r  clk_IBUF_inst/O
                         net (fo=1, unplaced)         0.800     2.258    clk_IBUF
                         BUFG (Prop_bufg_I_O)         0.096     2.354 r  clk_IBUF_BUFG_inst/O
                         net (fo=27, unplaced)        0.584     2.938    clk_IBUF_BUFG
                         FDRE                                         r  clk_divide_reg[1]/C
  -------------------------------------------------------------------    -------------------
                         FDRE (Prop_fdre_C_Q)         0.456     3.394 r  clk_divide_reg[1]/Q
                         net (fo=1, unplaced)         0.839     4.233    clk_divide_reg_n_0_[1]
                         CARRY4 (Prop_carry4_S[1]_CO[3])
                                                      0.674     4.907 r  clk_divide_reg[0]_i_1/CO[3]
                         net (fo=1, unplaced)         0.009     4.916    clk_divide_reg[0]_i_1_n_0
                         CARRY4 (Prop_carry4_CI_CO[3])
                                                      0.114     5.030 r  clk_divide_reg[4]_i_1/CO[3]
                         net (fo=1, unplaced)         0.000     5.030    clk_divide_reg[4]_i_1_n_0
                         CARRY4 (Prop_carry4_CI_CO[3])
                                                      0.114     5.144 r  clk_divide_reg[8]_i_1/CO[3]
                         net (fo=1, unplaced)         0.000     5.144    clk_divide_reg[8]_i_1_n_0
                         CARRY4 (Prop_carry4_CI_CO[3])
                                                      0.114     5.258 r  clk_divide_reg[12]_i_1/CO[3]
                         net (fo=1, unplaced)         0.000     5.258    clk_divide_reg[12]_i_1_n_0
                         CARRY4 (Prop_carry4_CI_CO[3])
                                                      0.114     5.372 r  clk_divide_reg[16]_i_1/CO[3]
                         net (fo=1, unplaced)         0.000     5.372    clk_divide_reg[16]_i_1_n_0
                         CARRY4 (Prop_carry4_CI_CO[3])
                                                      0.114     5.486 r  clk_divide_reg[20]_i_1/CO[3]
                         net (fo=1, unplaced)         0.000     5.486    clk_divide_reg[20]_i_1_n_0
                         CARRY4 (Prop_carry4_CI_O[1])
                                                      0.348     5.834 r  clk_divide_reg[24]_i_1/O[1]
                         net (fo=1, unplaced)         0.000     5.834    clk_divide_reg[24]_i_1_n_6
                         FDRE                                         r  clk_divide_reg[25]/D
  -------------------------------------------------------------------    -------------------

                         (clock sys_clk_pin rise edge)
                                                     10.000    10.000 r  
    W5                                                0.000    10.000 r  clk (IN)
                         net (fo=0)                   0.000    10.000    clk
    W5                   IBUF (Prop_ibuf_I_O)         1.388    11.388 r  clk_IBUF_inst/O
                         net (fo=1, unplaced)         0.760    12.148    clk_IBUF
                         BUFG (Prop_bufg_I_O)         0.091    12.239 r  clk_IBUF_BUFG_inst/O
                         net (fo=27, unplaced)        0.439    12.678    clk_IBUF_BUFG
                         FDRE                                         r  clk_divide_reg[25]/C
                         clock pessimism              0.115    12.793    
                         clock uncertainty           -0.035    12.758    
                         FDRE (Setup_fdre_C_D)        0.062    12.820    clk_divide_reg[25]
  -------------------------------------------------------------------
                         required time                         12.820    
                         arrival time                          -5.834    
  -------------------------------------------------------------------
                         slack                                  6.986    





Min Delay Paths
--------------------------------------------------------------------------------------
Slack (MET) :             0.113ns  (arrival time - required time)
  Source:                 clk_divide_reg[15]/C
                            (rising edge-triggered cell FDRE clocked by sys_clk_pin  {rise@0.000ns fall@5.000ns period=10.000ns})
  Destination:            clk_divide_reg[15]/D
                            (rising edge-triggered cell FDRE clocked by sys_clk_pin  {rise@0.000ns fall@5.000ns period=10.000ns})
  Path Group:             sys_clk_pin
  Path Type:              Hold (Min at Fast Process Corner)
  Requirement:            0.000ns  (sys_clk_pin rise@0.000ns - sys_clk_pin rise@0.000ns)
  Data Path Delay:        0.363ns  (logic 0.249ns (68.595%)  route 0.114ns (31.405%))
  Logic Levels:           1  (CARRY4=1)
  Clock Path Skew:        0.145ns (DCD - SCD - CPR)
    Destination Clock Delay (DCD):    1.057ns
    Source Clock Delay      (SCD):    0.704ns
    Clock Pessimism Removal (CPR):    0.208ns

    Location             Delay type                Incr(ns)  Path(ns)    Netlist Resource(s)
  -------------------------------------------------------------------    -------------------
                         (clock sys_clk_pin rise edge)
                                                      0.000     0.000 r  
    W5                                                0.000     0.000 r  clk (IN)
                         net (fo=0)                   0.000     0.000    clk
    W5                   IBUF (Prop_ibuf_I_O)         0.226     0.226 r  clk_IBUF_inst/O
                         net (fo=1, unplaced)         0.337     0.564    clk_IBUF
                         BUFG (Prop_bufg_I_O)         0.026     0.590 r  clk_IBUF_BUFG_inst/O
                         net (fo=27, unplaced)        0.114     0.704    clk_IBUF_BUFG
                         FDRE                                         r  clk_divide_reg[15]/C
  -------------------------------------------------------------------    -------------------
                         FDRE (Prop_fdre_C_Q)         0.141     0.845 r  clk_divide_reg[15]/Q
                         net (fo=3, unplaced)         0.114     0.959    clk_divide_reg[15]
                         CARRY4 (Prop_carry4_S[3]_O[3])
                                                      0.108     1.067 r  clk_divide_reg[12]_i_1/O[3]
                         net (fo=1, unplaced)         0.000     1.067    clk_divide_reg[12]_i_1_n_4
                         FDRE                                         r  clk_divide_reg[15]/D
  -------------------------------------------------------------------    -------------------

                         (clock sys_clk_pin rise edge)
                                                      0.000     0.000 r  
    W5                                                0.000     0.000 r  clk (IN)
                         net (fo=0)                   0.000     0.000    clk
    W5                   IBUF (Prop_ibuf_I_O)         0.414     0.414 r  clk_IBUF_inst/O
                         net (fo=1, unplaced)         0.355     0.769    clk_IBUF
                         BUFG (Prop_bufg_I_O)         0.029     0.798 r  clk_IBUF_BUFG_inst/O
                         net (fo=27, unplaced)        0.259     1.057    clk_IBUF_BUFG
                         FDRE                                         r  clk_divide_reg[15]/C
                         clock pessimism             -0.208     0.849    
                         FDRE (Hold_fdre_C_D)         0.105     0.954    clk_divide_reg[15]
  -------------------------------------------------------------------
                         required time                         -0.954    
                         arrival time                           1.067    
  -------------------------------------------------------------------
                         slack                                  0.113    





Pulse Width Checks
--------------------------------------------------------------------------------------
Clock Name:         sys_clk_pin
Waveform(ns):       { 0.000 5.000 }
Period(ns):         10.000
Sources:            { clk }

Check Type        Corner  Lib Pin  Reference Pin  Required(ns)  Actual(ns)  Slack(ns)  Location  Pin
Min Period        n/a     BUFG/I   n/a            2.155         10.000      7.845                clk_IBUF_BUFG_inst/I
Low Pulse Width   Fast    FDRE/C   n/a            0.500         5.000       4.500                clk_divide_reg[0]/C
High Pulse Width  Slow    FDRE/C   n/a            0.500         5.000       4.500                clk_divide_reg[0]/C



