#-----------------------------------------------------------
# Vivado v2017.3 (64-bit)
# SW Build 2018833 on Wed Oct  4 19:58:22 MDT 2017
# IP Build 2016188 on Wed Oct  4 21:52:56 MDT 2017
# Start of session at: Tue Dec 12 21:20:01 2017
# Process ID: 25984
# Current directory: D:/OneDrive/EECS 31L/Final/RISCV
# Command line: vivado.exe -gui_launcher_event rodinguilauncherevent26104 D:\OneDrive\EECS 31L\Final\RISCV\RISCV.xpr
# Log file: D:/OneDrive/EECS 31L/Final/RISCV/vivado.log
# Journal file: D:/OneDrive/EECS 31L/Final/RISCV\vivado.jou
#-----------------------------------------------------------
start_gui
open_project {D:/OneDrive/EECS 31L/Final/RISCV/RISCV.xpr}
Scanning sources...
Finished scanning sources
INFO: [IP_Flow 19-234] Refreshing IP repositories
INFO: [IP_Flow 19-1704] No user IP repositories specified
INFO: [IP_Flow 19-2313] Loaded Vivado IP repository 'C:/Xilinx/Vivado/2017.3/data/ip'.
update_compile_order -fileset sources_1
exit
INFO: [Common 17-206] Exiting Vivado at Tue Dec 12 21:22:17 2017...
